<?xml version="1.0" encoding="UTF-8"?>
<!-- Generated by org.testng.reporters.JUnitReportReporter -->
<testsuite hostname="PF-QA-006" failures="0" tests="1" name="testcases.TC1" time="0.004" errors="0" timestamp="2022-10-25T09:24:05 SAST" skipped="0">
  <testcase classname="testcases.TC1" name="TestCase1" time="0.004"/>
  <system-out/>
</testsuite> <!-- testcases.TC1 -->
