<?xml version="1.0" encoding="UTF-8"?>
<!-- Generated by org.testng.reporters.JUnitReportReporter -->
<testsuite hostname="PF-QA-006" failures="0" tests="1" name="testcases.TC1" time="0.006" errors="0" timestamp="2022-10-24T18:55:33 SAST" skipped="0">
  <testcase classname="testcases.TC1" name="TestCase1" time="0.006"/>
  <system-out/>
</testsuite> <!-- testcases.TC1 -->
